# JRE version: Java(TM) SE Runtime Environment (17.0.10+11) (build 17.0.10+11-LTS-240)
# Java VM: Java HotSpot(TM) 64-Bit Server VM (17.0.10+11-LTS-240, mixed mode, sharing, tiered, compressed oops, compressed class ptrs, g1 gc, windows-amd64)
GC Precious Log:
 CPUs: 8 total, 8 available
 Memory: 24428M
 Large Page Support: Disabled
 NUMA Support: Disabled
 Compressed Oops: Enabled (32-bit)
 Heap Region Size: 1M
 Heap Min Capacity: 8M
 Heap Initial Capacity: 382M
 Heap Max Capacity: 2G
 Pre-touch: Disabled
 Parallel Workers: 8
 Concurrent Workers: 2
 Concurrent Refinement Workers: 8
 Periodic GC: Disabled
Heap:
 garbage-first heap   total 81920K, used 62808K [0x0000000080000000, 0x0000000100000000)
  region size 1024K, 18 young (18432K), 4 survivors (4096K)
 Metaspace       used 60579K, committed 61120K, reserved 491520K
  class space    used 8208K, committed 8448K, reserved 425984K
GC Heap History (20 events):
Event: 3.892 GC heap before
{Heap before GC invocations=6 (full 0):
 garbage-first heap   total 81920K, used 59211K [0x0000000080000000, 0x0000000100000000)
  region size 1024K, 35 young (35840K), 1 survivors (1024K)
 Metaspace       used 30808K, committed 31232K, reserved 491520K
  class space    used 4342K, committed 4544K, reserved 425984K
}
Event: 3.895 GC heap after
{Heap after GC invocations=7 (full 0):
 garbage-first heap   total 81920K, used 28419K [0x0000000080000000, 0x0000000100000000)
  region size 1024K, 4 young (4096K), 4 survivors (4096K)
 Metaspace       used 30808K, committed 31232K, reserved 491520K
  class space    used 4342K, committed 4544K, reserved 425984K
}
Event: 4.395 GC heap before
{Heap before GC invocations=7 (full 0):
 garbage-first heap   total 81920K, used 65283K [0x0000000080000000, 0x0000000100000000)
  region size 1024K, 36 young (36864K), 4 survivors (4096K)
 Metaspace       used 34630K, committed 35072K, reserved 491520K
  class space    used 4779K, committed 4992K, reserved 425984K
}
Event: 4.399 GC heap after
{Heap after GC invocations=8 (full 0):
 garbage-first heap   total 81920K, used 31015K [0x0000000080000000, 0x0000000100000000)
  region size 1024K, 3 young (3072K), 3 survivors (3072K)
 Metaspace       used 34630K, committed 35072K, reserved 491520K
  class space    used 4779K, committed 4992K, reserved 425984K
}
Event: 4.735 GC heap before
{Heap before GC invocations=8 (full 0):
 garbage-first heap   total 81920K, used 44327K [0x0000000080000000, 0x0000000100000000)
  region size 1024K, 17 young (17408K), 3 survivors (3072K)
 Metaspace       used 35568K, committed 35968K, reserved 491520K
  class space    used 4929K, committed 5120K, reserved 425984K
}
Event: 4.738 GC heap after
{Heap after GC invocations=9 (full 0):
 garbage-first heap   total 81920K, used 33130K [0x0000000080000000, 0x0000000100000000)
  region size 1024K, 3 young (3072K), 3 survivors (3072K)
 Metaspace       used 35568K, committed 35968K, reserved 491520K
  class space    used 4929K, committed 5120K, reserved 425984K
}
Event: 5.408 GC heap before
{Heap before GC invocations=10 (full 0):
 garbage-first heap   total 81920K, used 61802K [0x0000000080000000, 0x0000000100000000)
  region size 1024K, 31 young (31744K), 3 survivors (3072K)
 Metaspace       used 36288K, committed 36736K, reserved 491520K
  class space    used 4999K, committed 5184K, reserved 425984K
}
Event: 5.411 GC heap after
{Heap after GC invocations=11 (full 0):
 garbage-first heap   total 81920K, used 35111K [0x0000000080000000, 0x0000000100000000)
  region size 1024K, 4 young (4096K), 4 survivors (4096K)
 Metaspace       used 36288K, committed 36736K, reserved 491520K
  class space    used 4999K, committed 5184K, reserved 425984K
}
Event: 14.046 GC heap before
{Heap before GC invocations=11 (full 0):
 garbage-first heap   total 81920K, used 62759K [0x0000000080000000, 0x0000000100000000)
  region size 1024K, 32 young (32768K), 4 survivors (4096K)
 Metaspace       used 37975K, committed 38464K, reserved 491520K
  class space    used 5251K, committed 5504K, reserved 425984K
}
Event: 14.049 GC heap after
{Heap after GC invocations=12 (full 0):
 garbage-first heap   total 81920K, used 36500K [0x0000000080000000, 0x0000000100000000)
  region size 1024K, 2 young (2048K), 2 survivors (2048K)
 Metaspace       used 37975K, committed 38464K, reserved 491520K
  class space    used 5251K, committed 5504K, reserved 425984K
}
Event: 14.425 GC heap before
{Heap before GC invocations=12 (full 0):
 garbage-first heap   total 81920K, used 63124K [0x0000000080000000, 0x0000000100000000)
  region size 1024K, 29 young (29696K), 2 survivors (2048K)
 Metaspace       used 40813K, committed 41344K, reserved 491520K
  class space    used 5700K, committed 5952K, reserved 425984K
}
Event: 14.428 GC heap after
{Heap after GC invocations=13 (full 0):
 garbage-first heap   total 81920K, used 37832K [0x0000000080000000, 0x0000000100000000)
  region size 1024K, 3 young (3072K), 3 survivors (3072K)
 Metaspace       used 40813K, committed 41344K, reserved 491520K
  class space    used 5700K, committed 5952K, reserved 425984K
}
Event: 14.780 GC heap before
{Heap before GC invocations=13 (full 0):
 garbage-first heap   total 81920K, used 65480K [0x0000000080000000, 0x0000000100000000)
  region size 1024K, 30 young (30720K), 3 survivors (3072K)
 Metaspace       used 45800K, committed 46400K, reserved 491520K
  class space    used 6311K, committed 6592K, reserved 425984K
}
Event: 14.783 GC heap after
{Heap after GC invocations=14 (full 0):
 garbage-first heap   total 81920K, used 40239K [0x0000000080000000, 0x0000000100000000)
  region size 1024K, 4 young (4096K), 4 survivors (4096K)
 Metaspace       used 45800K, committed 46400K, reserved 491520K
  class space    used 6311K, committed 6592K, reserved 425984K
}
Event: 15.274 GC heap before
{Heap before GC invocations=14 (full 0):
 garbage-first heap   total 81920K, used 65839K [0x0000000080000000, 0x0000000100000000)
  region size 1024K, 29 young (29696K), 4 survivors (4096K)
 Metaspace       used 50127K, committed 50688K, reserved 491520K
  class space    used 6949K, committed 7232K, reserved 425984K
}
Event: 15.277 GC heap after
{Heap after GC invocations=15 (full 0):
 garbage-first heap   total 81920K, used 42130K [0x0000000080000000, 0x0000000100000000)
  region size 1024K, 3 young (3072K), 3 survivors (3072K)
 Metaspace       used 50127K, committed 50688K, reserved 491520K
  class space    used 6949K, committed 7232K, reserved 425984K
}
Event: 17.364 GC heap before
{Heap before GC invocations=15 (full 0):
 garbage-first heap   total 81920K, used 64658K [0x0000000080000000, 0x0000000100000000)
  region size 1024K, 26 young (26624K), 3 survivors (3072K)
 Metaspace       used 56109K, committed 56704K, reserved 491520K
  class space    used 7783K, committed 8064K, reserved 425984K
}
Event: 17.367 GC heap after
{Heap after GC invocations=16 (full 0):
 garbage-first heap   total 81920K, used 43765K [0x0000000080000000, 0x0000000100000000)
  region size 1024K, 4 young (4096K), 4 survivors (4096K)
 Metaspace       used 56109K, committed 56704K, reserved 491520K
  class space    used 7783K, committed 8064K, reserved 425984K
}
Event: 17.688 GC heap before
{Heap before GC invocations=17 (full 0):
 garbage-first heap   total 81920K, used 66293K [0x0000000080000000, 0x0000000100000000)
  region size 1024K, 27 young (27648K), 4 survivors (4096K)
 Metaspace       used 59094K, committed 59712K, reserved 491520K
  class space    used 8081K, committed 8320K, reserved 425984K
}
Event: 17.694 GC heap after
{Heap after GC invocations=18 (full 0):
 garbage-first heap   total 81920K, used 49496K [0x0000000080000000, 0x0000000100000000)
  region size 1024K, 4 young (4096K), 4 survivors (4096K)
 Metaspace       used 59094K, committed 59712K, reserved 491520K
  class space    used 8081K, committed 8320K, reserved 425984K
}

